<?xml version="1.0" encoding="UTF-8"?>
<!-- Generated by org.testng.reporters.JUnitReportReporter -->
<testsuite hostname="NoName" failures="0" tests="2" name="seleniumScript.TestWebVerCursoDisponible" time="15.831" errors="0" timestamp="2023-11-22T18:47:37 CST" skipped="0">
  <testcase classname="seleniumScript.TestWebVerCursoDisponible" name="verificarLoginAseisNews" time="2.118"/>
  <system-out/>
  <testcase classname="seleniumScript.TestWebVerCursoDisponible" name="verCursoDisponible" time="13.713"/>
  <system-out/>
</testsuite> <!-- seleniumScript.TestWebVerCursoDisponible -->
