<?xml version="1.0" encoding="UTF-8"?>
<!-- Generated by org.testng.reporters.JUnitReportReporter -->
<testsuite hostname="NoName" failures="0" tests="2" name="seleniumScript.TestWebCrearCurso" time="10.701" errors="0" timestamp="2023-11-22T18:40:26 CST" skipped="0">
  <testcase classname="seleniumScript.TestWebCrearCurso" name="verificarLoginAseisNews" time="2.568"/>
  <system-out/>
  <testcase classname="seleniumScript.TestWebCrearCurso" name="crearCurso" time="8.133"/>
  <system-out/>
</testsuite> <!-- seleniumScript.TestWebCrearCurso -->
