<?xml version="1.0" encoding="UTF-8"?>
<!-- Generated by org.testng.reporters.JUnitReportReporter -->
<testsuite hostname="NoName" failures="0" tests="2" name="seleniumScript.TestWebDeshabilitarCurso" time="7.114" errors="0" timestamp="2023-11-22T18:42:08 CST" skipped="0">
  <testcase classname="seleniumScript.TestWebDeshabilitarCurso" name="verificarLoginAseisNews" time="2.460"/>
  <system-out/>
  <testcase classname="seleniumScript.TestWebDeshabilitarCurso" name="deshabilitarCurso" time="4.654"/>
  <system-out/>
</testsuite> <!-- seleniumScript.TestWebDeshabilitarCurso -->
