<?xml version="1.0" encoding="UTF-8"?>
<!-- Generated by org.testng.reporters.JUnitReportReporter -->
<testsuite hostname="NoName" failures="0" tests="1" name="seleniumScript.TestWebLoginOne" time="0.274" errors="0" timestamp="2023-11-16T04:46:25 CST" skipped="0">
  <testcase classname="seleniumScript.TestWebLoginOne" name="verificarLoginDeGuru99Application" time="0.274"/>
  <system-out/>
</testsuite> <!-- seleniumScript.TestWebLoginOne -->
