<?xml version="1.0" encoding="UTF-8"?>
<!-- Generated by org.testng.reporters.JUnitReportReporter -->
<testsuite hostname="NoName" failures="0" tests="2" name="seleniumScript.WorkingWithChrome" time="0.884" errors="0" timestamp="2023-11-16T05:29:02 CST" skipped="0">
  <testcase classname="seleniumScript.WorkingWithChrome" name="getTitle" time="0.009"/>
  <system-out/>
  <testcase classname="seleniumScript.WorkingWithChrome" name="verificarLoginDeGuru99Application" time="0.875"/>
  <system-out/>
</testsuite> <!-- seleniumScript.WorkingWithChrome -->
