<?xml version="1.0" encoding="UTF-8"?>
<!-- Generated by org.testng.reporters.JUnitReportReporter -->
<testsuite hostname="NoName" failures="0" tests="2" name="seleniumScript.TestWebVerCursoNoDisponible" time="9.973" errors="0" timestamp="2023-11-22T18:52:35 CST" skipped="0">
  <testcase classname="seleniumScript.TestWebVerCursoNoDisponible" name="verificarLoginAseisNews" time="2.225"/>
  <system-out/>
  <testcase classname="seleniumScript.TestWebVerCursoNoDisponible" name="verCursoNoDisponible" time="7.748"/>
  <system-out/>
</testsuite> <!-- seleniumScript.TestWebVerCursoNoDisponible -->
