<?xml version="1.0" encoding="UTF-8"?>
<!-- Generated by org.testng.reporters.JUnitReportReporter -->
<testsuite hostname="NoName" failures="0" tests="1" name="seleniumScript.TestWebLogin" time="0.276" errors="0" timestamp="2023-11-22T14:10:07 CST" skipped="0">
  <testcase classname="seleniumScript.TestWebLogin" name="verificarLoginDeGuru99Application" time="0.276"/>
  <system-out/>
</testsuite> <!-- seleniumScript.TestWebLogin -->
