<?xml version="1.0" encoding="UTF-8"?>
<!-- Generated by org.testng.reporters.JUnitReportReporter -->
<testsuite hostname="NoName" failures="0" tests="2" name="seleniumScript.TestWebBuscarCurso" time="5.785" errors="0" timestamp="2023-11-22T18:40:05 CST" skipped="0">
  <testcase classname="seleniumScript.TestWebBuscarCurso" name="verificarLoginAseisNews" time="2.358"/>
  <system-out/>
  <testcase classname="seleniumScript.TestWebBuscarCurso" name="buscarCurso" time="3.427"/>
  <system-out/>
</testsuite> <!-- seleniumScript.TestWebBuscarCurso -->
