<?xml version="1.0" encoding="UTF-8"?>
<!-- Generated by org.testng.reporters.JUnitReportReporter -->
<testsuite hostname="NoName" failures="0" tests="4" name="seleniumScript.TestLogin" time="6.224" errors="0" timestamp="2023-11-16T04:38:31 CST" skipped="0">
  <testcase classname="seleniumScript.TestLogin" name="invocarNavegador" time="3.340"/>
  <system-out/>
  <testcase classname="seleniumScript.TestLogin" name="verifyTitleOfThePage" time="0.007"/>
  <system-out/>
  <testcase classname="seleniumScript.TestLogin" name="verificarLoginDeGuru99Application" time="0.951"/>
  <system-out/>
  <testcase classname="seleniumScript.TestLogin" name="addCustomer" time="1.926"/>
  <system-out/>
</testsuite> <!-- seleniumScript.TestLogin -->
