<?xml version="1.0" encoding="UTF-8"?>
<!-- Generated by org.testng.reporters.JUnitReportReporter -->
<testsuite hostname="NoName" failures="0" tests="2" name="seleniumScript.TestWebHabilitarCurso" time="7.637" errors="0" timestamp="2023-11-22T18:44:32 CST" skipped="0">
  <testcase classname="seleniumScript.TestWebHabilitarCurso" name="verificarLoginAseisNews" time="2.078"/>
  <system-out/>
  <testcase classname="seleniumScript.TestWebHabilitarCurso" name="habilitarCurso" time="5.559"/>
  <system-out/>
</testsuite> <!-- seleniumScript.TestWebHabilitarCurso -->
