<?xml version="1.0" encoding="UTF-8"?>
<!-- Generated by org.testng.reporters.JUnitReportReporter -->
<testsuite hostname="NoName" failures="0" tests="2" name="seleniumScript.TestWebCrearNoticia" time="9.919" errors="0" timestamp="2023-11-22T23:57:21 CST" skipped="0">
  <testcase classname="seleniumScript.TestWebCrearNoticia" name="verificarLoginAseisNews" time="2.336"/>
  <system-out/>
  <testcase classname="seleniumScript.TestWebCrearNoticia" name="crearNoticia" time="7.583"/>
  <system-out/>
</testsuite> <!-- seleniumScript.TestWebCrearNoticia -->
